<?xml version="1.0" encoding="UTF-8"?>
<testng-results skipped="0" failed="0" ignored="0" total="1" passed="1">
  <reporter-output>
  </reporter-output>
  <suite name="Default suite" duration-ms="21733" started-at="2021-01-08T14:24:28Z" finished-at="2021-01-08T14:24:49Z">
    <groups>
    </groups>
    <test name="Default test" duration-ms="21733" started-at="2021-01-08T14:24:28Z" finished-at="2021-01-08T14:24:49Z">
      <class name="com.TestCase.Login">
        <test-method status="PASS" signature="excecution()[pri:0, instance:com.TestCase.Login@4c70fda8]" name="excecution" duration-ms="21668" started-at="2021-01-08T14:24:28Z" finished-at="2021-01-08T14:24:49Z">
          <reporter-output>
          </reporter-output>
        </test-method> <!-- excecution -->
      </class> <!-- com.TestCase.Login -->
    </test> <!-- Default test -->
  </suite> <!-- Default suite -->
</testng-results>
